[handleMsg]:  {
  key: {
    remoteJid: '5492345651866@s.whatsapp.net',
    fromMe: false,
    id: '2F5D453ED39123411BA723888E7B6BAD',
    participant: undefined
  },
  messageTimestamp: 1729033682,
  pushName: 'Juan Carlos',
  broadcast: false,
  message: Message {
    conversation: '1',
    messageContextInfo: MessageContextInfo {
      deviceListMetadata: [DeviceListMetadata],
      deviceListMetadataVersion: 2,
      messageSecret: [Uint8Array]
    }
  },
  body: '1',
  from: '5492345651866'
}
[handleMsg]:  {
  key: {
    remoteJid: '5492345651866@s.whatsapp.net',
    fromMe: false,
    id: '4C62B71BB16362D1EA15387A174E5AC9',
    participant: undefined
  },
  messageTimestamp: 1729033698,
  pushName: 'Juan Carlos',
  broadcast: false,
  message: Message {
    protocolMessage: ProtocolMessage { key: [MessageKey], type: 0 },
    messageContextInfo: MessageContextInfo {
      deviceListMetadata: [DeviceListMetadata],
      deviceListMetadataVersion: 2
    }
  },
  body: '',
  from: '5492345651866'
}
