5492345662340:ENCOLADO ans_feb1e38e-18f6-43ab-b1b2-d73579f1a4cf
EJECUTANDO:ans_feb1e38e-18f6-43ab-b1b2-d73579f1a4cf
5492345662340:SUCCESS
5492345662340:ENCOLADO ans_9db4e73d-cbbe-4c6e-8413-e3ef7e95d3bd
EJECUTANDO:ans_9db4e73d-cbbe-4c6e-8413-e3ef7e95d3bd
5492345662340:SUCCESS
5492345662340:ENCOLADO ans_34a98be3-9dfe-4ab1-a4b2-a78540750a2a
EJECUTANDO:ans_34a98be3-9dfe-4ab1-a4b2-a78540750a2a
5492345662340:SUCCESS
5492345662340:ENCOLADO ans_85ab9ad2-e338-4969-b67b-c6771d3efe85
EJECUTANDO:ans_85ab9ad2-e338-4969-b67b-c6771d3efe85
5492345662340:SUCCESS
5492345662340:ENCOLADO ans_feb1e38e-18f6-43ab-b1b2-d73579f1a4cf
EJECUTANDO:ans_feb1e38e-18f6-43ab-b1b2-d73579f1a4cf
5492345662340:SUCCESS
5492345662340:ENCOLADO ans_9db4e73d-cbbe-4c6e-8413-e3ef7e95d3bd
EJECUTANDO:ans_9db4e73d-cbbe-4c6e-8413-e3ef7e95d3bd
5492345662340:SUCCESS
5492345662340:ENCOLADO ans_219b6013-5333-4555-a7dc-afc6e92d4410
EJECUTANDO:ans_219b6013-5333-4555-a7dc-afc6e92d4410
5492345662340:SUCCESS
5492345662340:ENCOLADO ans_1c040347-1f7a-474e-aefd-f4974d42284f
EJECUTANDO:ans_1c040347-1f7a-474e-aefd-f4974d42284f
5492345662340:SUCCESS
5492345662340:ENCOLADO ans_feb1e38e-18f6-43ab-b1b2-d73579f1a4cf
EJECUTANDO:ans_feb1e38e-18f6-43ab-b1b2-d73579f1a4cf
5492345662340:SUCCESS
5492345662340:ENCOLADO ans_9db4e73d-cbbe-4c6e-8413-e3ef7e95d3bd
EJECUTANDO:ans_9db4e73d-cbbe-4c6e-8413-e3ef7e95d3bd
5492345662340:SUCCESS
5492345662340:ENCOLADO ans_34a98be3-9dfe-4ab1-a4b2-a78540750a2a
EJECUTANDO:ans_34a98be3-9dfe-4ab1-a4b2-a78540750a2a
5492345662340:SUCCESS
5492345662340:ENCOLADO ans_82fffc08-6341-46ad-ac90-46a11a1228b6
EJECUTANDO:ans_82fffc08-6341-46ad-ac90-46a11a1228b6
5492345662340:SUCCESS
5492345662340:ENCOLADO ans_d8be9717-a833-4db4-a454-1c8a9bc06b4e
EJECUTANDO:ans_d8be9717-a833-4db4-a454-1c8a9bc06b4e
5492345662340:SUCCESS
5492345662340:ENCOLADO ans_12b88ef7-a3fa-4003-8fe3-88c4c9e0c7f2
EJECUTANDO:ans_12b88ef7-a3fa-4003-8fe3-88c4c9e0c7f2
5492345662340:SUCCESS
5492345662340:ENCOLADO ans_f423a582-24e2-4ef1-b916-e4a1221fbab6
EJECUTANDO:ans_f423a582-24e2-4ef1-b916-e4a1221fbab6
5492345662340:SUCCESS
5491121848449:ENCOLADO ans_feb1e38e-18f6-43ab-b1b2-d73579f1a4cf
EJECUTANDO:ans_feb1e38e-18f6-43ab-b1b2-d73579f1a4cf
5491121848449:SUCCESS
5491160563829:ENCOLADO ans_feb1e38e-18f6-43ab-b1b2-d73579f1a4cf
EJECUTANDO:ans_feb1e38e-18f6-43ab-b1b2-d73579f1a4cf
5491160563829:SUCCESS
5491140811207:ENCOLADO ans_feb1e38e-18f6-43ab-b1b2-d73579f1a4cf
EJECUTANDO:ans_feb1e38e-18f6-43ab-b1b2-d73579f1a4cf
5491140811207:SUCCESS
5491140811207:ENCOLADO ans_3df1d24b-fe05-4c79-9da6-7e6d20736d38
EJECUTANDO:ans_3df1d24b-fe05-4c79-9da6-7e6d20736d38
5491140811207:SUCCESS
